#
# There is insufficient memory for the Java Runtime Environment to continue.
# Native memory allocation (malloc) failed to allocate 368656 bytes for Chunk::new
# Possible reasons:
#   The system is out of physical RAM or swap space
#   The process is running with CompressedOops enabled, and the Java Heap may be blocking the growth of the native heap
# Possible solutions:
#   Reduce memory load on the system
#   Increase physical memory or swap space
#   Check if swap backing store is full
#   Decrease Java heap size (-Xmx/-Xms)
#   Decrease number of Java threads
#   Decrease Java thread stack sizes (-Xss)
#   Set larger code cache with -XX:ReservedCodeCacheSize=
#   JVM is running with Unscaled Compressed Oops mode in which the Java heap is
#     placed in the first 4GB address space. The Java Heap base address is the
#     maximum limit for the native heap growth. Please use -XX:HeapBaseMinAddress
#     to set the Java Heap base and to place the Java Heap above 4GB virtual address.
# This output file may be truncated or incomplete.
#
#  Out of Memory Error (c:/BuildAgent/work/5ff2f6c26000d570/src/hotspot/share/memory/arena.cpp:197), pid=8108, tid=8220
#
# JRE version:  (11.0.3+12) (build )
# Java VM: OpenJDK 64-Bit Server VM (11.0.3+12-b304.56, mixed mode, tiered, compressed oops, g1 gc, windows-amd64)
# No core dump will be written. Minidumps are not enabled by default on client versions of Windows
#

---------------  S U M M A R Y ------------

Command Line: -javaagent:C:\Program Files\JetBrains\IntelliJ IDEA 2019.2.2\lib\idea_rt.jar=51080:C:\Program Files\JetBrains\IntelliJ IDEA 2019.2.2\bin -Dfile.encoding=UTF-8 Power.TestMyLinkedList

Host: Intel(R) Core(TM) i7-7500U CPU @ 2.70GHz, 4 cores, 3G,  Windows 10 , 64 bit Build 18362 (10.0.18362.329)
Time: Fri Oct  4 14:36:27 2019 SE Asia Standard Time elapsed time: 0 seconds (0d 0h 0m 0s)

---------------  T H R E A D  ---------------

Current thread (0x0000021361f97000):  JavaThread "Unknown thread" [_thread_in_vm, id=8220, stack(0x000000334f300000,0x000000334f400000)]

Stack: [0x000000334f300000,0x000000334f400000]
Native frames: (J=compiled Java code, j=interpreted, Vv=VM code, C=native code)
V  [jvm.dll+0x5da77a]
V  [jvm.dll+0x70b9c9]
V  [jvm.dll+0x70cee8]
V  [jvm.dll+0x70d5b3]
V  [jvm.dll+0x23ddc8]
V  [jvm.dll+0xb931c]
V  [jvm.dll+0xb9023]
V  [jvm.dll+0x6a4e73]
V  [jvm.dll+0x6ec4b8]
V  [jvm.dll+0x354c29]
V  [jvm.dll+0x6d28ae]
V  [jvm.dll+0x3bd363]
V  [jvm.dll+0x3bf7a1]
C  [java.exe+0x3763]
C  [java.exe+0x17a0c]
C  [KERNEL32.DLL+0x17bd4]
C  [ntdll.dll+0x6cee1]


---------------  P R O C E S S  ---------------

Threads class SMR info:
_java_thread_list=0x000002135fdc2310, length=0, elements={
}

Java Threads: ( => current thread )

Other Threads:
  0x0000021361fae000 GCTaskThread "GC Thread#0" [stack: 0x000000334f400000,0x000000334f500000] [id=4324]
  0x0000021361fc8000 ConcurrentGCThread "G1 Main Marker" [stack: 0x000000334f500000,0x000000334f600000] [id=3612]
  0x0000021361fc9800 ConcurrentGCThread "G1 Conc#0" [stack: 0x000000334f600000,0x000000334f700000] [id=2052]
  0x0000021379642800 ConcurrentGCThread "G1 Refine#0" [stack: 0x000000334f700000,0x000000334f800000] [id=5868]
  0x0000021379643800 ConcurrentGCThread "G1 Young RemSet Sampling" [stack: 0x000000334f800000,0x000000334f900000] [id=8188]

=>0x0000021361f97000 (exited) JavaThread "Unknown thread" [_thread_in_vm, id=8220, stack(0x000000334f300000,0x000000334f400000)]

Threads with active compile tasks:

VM state:not at safepoint (not fully initialized)

VM Mutex/Monitor currently owned by a thread: None

Heap address: 0x00000000c2000000, size: 992 MB, Compressed Oops mode: 32-bit
Narrow klass base: 0x0000000000000000, Narrow klass shift: 3
Compressed class space size: 1073741824 Address: 0x0000000100000000

GC Heap History (0 events):
No events

Deoptimization events (0 events):
No events

Classes redefined (0 events):
No events

Internal exceptions (0 events):
No events

Events (0 events):
No events


Dynamic libraries:
0x00007ff7d2c00000 - 0x00007ff7d2c47000 	C:\Program Files\JetBrains\IntelliJ IDEA 2019.2.2\jbr\bin\java.exe
0x00007ff8a4960000 - 0x00007ff8a4b50000 	C:\WINDOWS\SYSTEM32\ntdll.dll
0x00007ff8a3550000 - 0x00007ff8a3602000 	C:\WINDOWS\System32\KERNEL32.DLL
0x00007ff8a2760000 - 0x00007ff8a2a03000 	C:\WINDOWS\System32\KERNELBASE.dll
0x00007ff8a3bd0000 - 0x00007ff8a3d63000 	C:\WINDOWS\System32\USER32.dll
0x00007ff8a1fb0000 - 0x00007ff8a1fd1000 	C:\WINDOWS\System32\win32u.dll
0x00007ff8a3ba0000 - 0x00007ff8a3bc6000 	C:\WINDOWS\System32\GDI32.dll
0x00007ff8a1cc0000 - 0x00007ff8a1e54000 	C:\WINDOWS\System32\gdi32full.dll
0x00007ff8a1c20000 - 0x00007ff8a1cbe000 	C:\WINDOWS\System32\msvcp_win.dll
0x00007ff8a1ac0000 - 0x00007ff8a1bba000 	C:\WINDOWS\System32\ucrtbase.dll
0x00007ff8907a0000 - 0x00007ff890a25000 	C:\WINDOWS\WinSxS\amd64_microsoft.windows.common-controls_6595b64144ccf1df_6.0.18362.356_none_e6c4af7d130f27cc\COMCTL32.dll
0x00007ff8a34b0000 - 0x00007ff8a354e000 	C:\WINDOWS\System32\msvcrt.dll
0x00007ff8a36f0000 - 0x00007ff8a3a26000 	C:\WINDOWS\System32\combase.dll
0x00007ff8a3390000 - 0x00007ff8a34b0000 	C:\WINDOWS\System32\RPCRT4.dll
0x00007ff8a1910000 - 0x00007ff8a1990000 	C:\WINDOWS\System32\bcryptPrimitives.dll
0x00007ff8a40f0000 - 0x00007ff8a411e000 	C:\WINDOWS\System32\IMM32.DLL
0x00007ff89e620000 - 0x00007ff89e637000 	C:\Program Files\JetBrains\IntelliJ IDEA 2019.2.2\jbr\bin\vcruntime140.dll
0x00007ff895e60000 - 0x00007ff895efd000 	C:\Program Files\JetBrains\IntelliJ IDEA 2019.2.2\jbr\bin\msvcp140.dll
0x00007ff86b840000 - 0x00007ff86c2f7000 	C:\Program Files\JetBrains\IntelliJ IDEA 2019.2.2\jbr\bin\server\jvm.dll
0x00007ff8a2a10000 - 0x00007ff8a2ab3000 	C:\WINDOWS\System32\ADVAPI32.dll
0x00007ff8a32f0000 - 0x00007ff8a3387000 	C:\WINDOWS\System32\sechost.dll
0x00007ff8a4290000 - 0x00007ff8a4298000 	C:\WINDOWS\System32\PSAPI.DLL
0x00007ff89e8a0000 - 0x00007ff89e8c4000 	C:\WINDOWS\SYSTEM32\WINMM.dll
0x00007ff89e8f0000 - 0x00007ff89e8f9000 	C:\WINDOWS\SYSTEM32\WSOCK32.dll
0x00007ff8a4080000 - 0x00007ff8a40ef000 	C:\WINDOWS\System32\WS2_32.dll
0x00007ff893b20000 - 0x00007ff893b2a000 	C:\WINDOWS\SYSTEM32\VERSION.dll
0x00007ff89e870000 - 0x00007ff89e89d000 	C:\WINDOWS\SYSTEM32\WINMMBASE.dll
0x00007ff8a1a70000 - 0x00007ff8a1aba000 	C:\WINDOWS\System32\cfgmgr32.dll
0x00007ff8a1860000 - 0x00007ff8a1871000 	C:\WINDOWS\System32\kernel.appcore.dll
0x00007ff88a780000 - 0x00007ff88a791000 	C:\Program Files\JetBrains\IntelliJ IDEA 2019.2.2\jbr\bin\verify.dll
0x00007ff8a0160000 - 0x00007ff8a0354000 	C:\WINDOWS\SYSTEM32\DBGHELP.DLL
0x00007ff88cc60000 - 0x00007ff88cc8a000 	C:\WINDOWS\SYSTEM32\dbgcore.DLL
0x00007ff88a560000 - 0x00007ff88a589000 	C:\Program Files\JetBrains\IntelliJ IDEA 2019.2.2\jbr\bin\java.dll
0x00007ff895e20000 - 0x00007ff895e54000 	C:\Program Files\JetBrains\IntelliJ IDEA 2019.2.2\jbr\bin\instrument.dll
0x00007ff88a760000 - 0x00007ff88a777000 	C:\Program Files\JetBrains\IntelliJ IDEA 2019.2.2\jbr\bin\zip.dll
0x00007ff89a550000 - 0x00007ff89a55b000 	C:\Program Files\JetBrains\IntelliJ IDEA 2019.2.2\jbr\bin\jimage.dll

dbghelp: loaded successfully - version: 4.0.5 - missing functions: none
symbol engine: initialized successfully - sym options: 0x614 - pdb path: .;C:\Program Files\JetBrains\IntelliJ IDEA 2019.2.2\jbr\bin;C:\WINDOWS\SYSTEM32;C:\WINDOWS\WinSxS\amd64_microsoft.windows.common-controls_6595b64144ccf1df_6.0.18362.356_none_e6c4af7d130f27cc;C:\Program Files\JetBrains\IntelliJ IDEA 2019.2.2\jbr\bin\server

VM Arguments:
jvm_args: -javaagent:C:\Program Files\JetBrains\IntelliJ IDEA 2019.2.2\lib\idea_rt.jar=51080:C:\Program Files\JetBrains\IntelliJ IDEA 2019.2.2\bin -Dfile.encoding=UTF-8 
java_command: Power.TestMyLinkedList
java_class_path (initial): H:\modun2\Java\SS7 Data Structures and Algorithm Basic\Java_LinkedListEz\out\production\Java_LinkedListEz
Launcher Type: SUN_STANDARD

[Global flags]
     intx CICompilerCount                          = 3                                         {product} {ergonomic}
     uint ConcGCThreads                            = 1                                         {product} {ergonomic}
     uint G1ConcRefinementThreads                  = 4                                         {product} {ergonomic}
   size_t G1HeapRegionSize                         = 1048576                                   {product} {ergonomic}
    uintx GCDrainStackTargetSize                   = 64                                        {product} {ergonomic}
   size_t InitialHeapSize                          = 65011712                                  {product} {ergonomic}
   size_t MarkStackSize                            = 4194304                                   {product} {ergonomic}
   size_t MaxHeapSize                              = 1040187392                                {product} {ergonomic}
   size_t MaxNewSize                               = 623902720                                 {product} {ergonomic}
   size_t MinHeapDeltaBytes                        = 1048576                                   {product} {ergonomic}
    uintx NonNMethodCodeHeapSize                   = 5830092                                {pd product} {ergonomic}
    uintx NonProfiledCodeHeapSize                  = 122914074                              {pd product} {ergonomic}
    uintx ProfiledCodeHeapSize                     = 122914074                              {pd product} {ergonomic}
    uintx ReservedCodeCacheSize                    = 251658240                              {pd product} {ergonomic}
     bool SegmentedCodeCache                       = true                                      {product} {ergonomic}
     bool UseCompressedClassPointers               = true                                 {lp64_product} {ergonomic}
     bool UseCompressedOops                        = true                                 {lp64_product} {ergonomic}
     bool UseG1GC                                  = true                                      {product} {ergonomic}
     bool UseLargePagesIndividualAllocation        = false                                  {pd product} {ergonomic}

Logging:
Log output configuration:
 #0: stdout all=warning uptime,level,tags
 #1: stderr all=off uptime,level,tags

Environment Variables:
PATH=C:\Program Files (x86)\Common Files\Oracle\Java\javapath;C:\WINDOWS\system32;C:\WINDOWS;C:\WINDOWS\System32\Wbem;C:\WINDOWS\System32\WindowsPowerShell\v1.0\;C:\WINDOWS\System32\OpenSSH\;C:\Program Files\Git\cmd;C:\Users\ADMINIS\AppData\Local\Microsoft\WindowsApps;C:\Users\ADMINIS\AppData\Local\GitHubDesktop\bin;%USERPROFILE%\AppData\Local\Microsoft\WindowsApps;
USERNAME=ADMINIS
OS=Windows_NT
PROCESSOR_IDENTIFIER=Intel64 Family 6 Model 142 Stepping 9, GenuineIntel



---------------  S Y S T E M  ---------------

OS: Windows 10 , 64 bit Build 18362 (10.0.18362.329)

CPU:total 4 (initial active 4) (2 cores per cpu, 2 threads per core) family 6 model 142 stepping 9, cmov, cx8, fxsr, mmx, sse, sse2, sse3, ssse3, sse4.1, sse4.2, popcnt, avx, avx2, aes, clmul, erms, 3dnowpref, lzcnt, ht, tsc, tscinvbit, bmi1, bmi2, adx, fma

Memory: 4k page, system-wide physical 3962M (426M free)
TotalPageFile size 3962M (AvailPageFile size 138M)
current process WorkingSet (physical memory assigned to process): 13M, peak: 13M
current process commit charge ("private bytes"): 116M, peak: 120M

vm_info: OpenJDK 64-Bit Server VM (11.0.3+12-b304.56) for windows-amd64 JRE (11.0.3+12-b304.56), built on Sep  3 2019 10:54:25 by "" with MS VC++ 14.0 (VS2015)

END.
